INFO  time: initialize in 1.29s
WARN  no build tool detected in workspace '/home/lux/Documentos/Program paradigms/funtional'. The most common cause for this problem is that the editor was opened in the wrong working directory, for example if you use sbt then the workspace directory should contain build.sbt. 
WARN  no build target: /home/lux/Documentos/Program paradigms/funtional/luna.scala
INFO  no build target: using presentation compiler with only scala-library
WARN  no build target: /home/lux/Documentos/Program paradigms/funtional/luna.scala
WARN  no build target: /home/lux/Documentos/Program paradigms/funtional/luna.scala
WARN  no build target: /home/lux/Documentos/Program paradigms/funtional/luna.scala
WARN  no build target: /home/lux/Documentos/Program paradigms/funtional/luna.scala
WARN  no build target: /home/lux/Documentos/Program paradigms/funtional/luna.scala
WARN  no build target: /home/lux/Documentos/Program paradigms/funtional/luna.scala
WARN  no build target: /home/lux/Documentos/Program paradigms/funtional/luna.scala
WARN  no build tool detected in workspace '/home/lux/Documentos/Program paradigms/funtional'. The most common cause for this problem is that the editor was opened in the wrong working directory, for example if you use sbt then the workspace directory should contain build.sbt. 
WARN  no build tool detected in workspace '/home/lux/Documentos/Program paradigms/funtional'. The most common cause for this problem is that the editor was opened in the wrong working directory, for example if you use sbt then the workspace directory should contain build.sbt. 
WARN  no build tool detected in workspace '/home/lux/Documentos/Program paradigms/funtional'. The most common cause for this problem is that the editor was opened in the wrong working directory, for example if you use sbt then the workspace directory should contain build.sbt. 
WARN  no build tool detected in workspace '/home/lux/Documentos/Program paradigms/funtional'. The most common cause for this problem is that the editor was opened in the wrong working directory, for example if you use sbt then the workspace directory should contain build.sbt. 
WARN  no build tool detected in workspace '/home/lux/Documentos/Program paradigms/funtional'. The most common cause for this problem is that the editor was opened in the wrong working directory, for example if you use sbt then the workspace directory should contain build.sbt. 
WARN  no build tool detected in workspace '/home/lux/Documentos/Program paradigms/funtional'. The most common cause for this problem is that the editor was opened in the wrong working directory, for example if you use sbt then the workspace directory should contain build.sbt. 
WARN  no build tool detected in workspace '/home/lux/Documentos/Program paradigms/funtional'. The most common cause for this problem is that the editor was opened in the wrong working directory, for example if you use sbt then the workspace directory should contain build.sbt. 
WARN  no build tool detected in workspace '/home/lux/Documentos/Program paradigms/funtional'. The most common cause for this problem is that the editor was opened in the wrong working directory, for example if you use sbt then the workspace directory should contain build.sbt. 
WARN  no build tool detected in workspace '/home/lux/Documentos/Program paradigms/funtional'. The most common cause for this problem is that the editor was opened in the wrong working directory, for example if you use sbt then the workspace directory should contain build.sbt. 
WARN  no build tool detected in workspace '/home/lux/Documentos/Program paradigms/funtional'. The most common cause for this problem is that the editor was opened in the wrong working directory, for example if you use sbt then the workspace directory should contain build.sbt. 
WARN  no build tool detected in workspace '/home/lux/Documentos/Program paradigms/funtional'. The most common cause for this problem is that the editor was opened in the wrong working directory, for example if you use sbt then the workspace directory should contain build.sbt. 
WARN  no build tool detected in workspace '/home/lux/Documentos/Program paradigms/funtional'. The most common cause for this problem is that the editor was opened in the wrong working directory, for example if you use sbt then the workspace directory should contain build.sbt. 
WARN  no build tool detected in workspace '/home/lux/Documentos/Program paradigms/funtional'. The most common cause for this problem is that the editor was opened in the wrong working directory, for example if you use sbt then the workspace directory should contain build.sbt. 
WARN  no build tool detected in workspace '/home/lux/Documentos/Program paradigms/funtional'. The most common cause for this problem is that the editor was opened in the wrong working directory, for example if you use sbt then the workspace directory should contain build.sbt. 
WARN  no build tool detected in workspace '/home/lux/Documentos/Program paradigms/funtional'. The most common cause for this problem is that the editor was opened in the wrong working directory, for example if you use sbt then the workspace directory should contain build.sbt. 
WARN  no build tool detected in workspace '/home/lux/Documentos/Program paradigms/funtional'. The most common cause for this problem is that the editor was opened in the wrong working directory, for example if you use sbt then the workspace directory should contain build.sbt. 
WARN  no build tool detected in workspace '/home/lux/Documentos/Program paradigms/funtional'. The most common cause for this problem is that the editor was opened in the wrong working directory, for example if you use sbt then the workspace directory should contain build.sbt. 
WARN  no build tool detected in workspace '/home/lux/Documentos/Program paradigms/funtional'. The most common cause for this problem is that the editor was opened in the wrong working directory, for example if you use sbt then the workspace directory should contain build.sbt. 
WARN  no build tool detected in workspace '/home/lux/Documentos/Program paradigms/funtional'. The most common cause for this problem is that the editor was opened in the wrong working directory, for example if you use sbt then the workspace directory should contain build.sbt. 
WARN  no build tool detected in workspace '/home/lux/Documentos/Program paradigms/funtional'. The most common cause for this problem is that the editor was opened in the wrong working directory, for example if you use sbt then the workspace directory should contain build.sbt. 
WARN  no build tool detected in workspace '/home/lux/Documentos/Program paradigms/funtional'. The most common cause for this problem is that the editor was opened in the wrong working directory, for example if you use sbt then the workspace directory should contain build.sbt. 
WARN  no build tool detected in workspace '/home/lux/Documentos/Program paradigms/funtional'. The most common cause for this problem is that the editor was opened in the wrong working directory, for example if you use sbt then the workspace directory should contain build.sbt. 
WARN  no build tool detected in workspace '/home/lux/Documentos/Program paradigms/funtional'. The most common cause for this problem is that the editor was opened in the wrong working directory, for example if you use sbt then the workspace directory should contain build.sbt. 
WARN  no build tool detected in workspace '/home/lux/Documentos/Program paradigms/funtional'. The most common cause for this problem is that the editor was opened in the wrong working directory, for example if you use sbt then the workspace directory should contain build.sbt. 
WARN  no build target: /home/lux/Documentos/Program paradigms/funtional/luna.scala
WARN  no build tool detected in workspace '/home/lux/Documentos/Program paradigms/funtional'. The most common cause for this problem is that the editor was opened in the wrong working directory, for example if you use sbt then the workspace directory should contain build.sbt. 
WARN  no build tool detected in workspace '/home/lux/Documentos/Program paradigms/funtional'. The most common cause for this problem is that the editor was opened in the wrong working directory, for example if you use sbt then the workspace directory should contain build.sbt. 
WARN  no build target: /home/lux/Documentos/Program paradigms/funtional/luna.scala
WARN  no build tool detected in workspace '/home/lux/Documentos/Program paradigms/funtional'. The most common cause for this problem is that the editor was opened in the wrong working directory, for example if you use sbt then the workspace directory should contain build.sbt. 
WARN  no build tool detected in workspace '/home/lux/Documentos/Program paradigms/funtional'. The most common cause for this problem is that the editor was opened in the wrong working directory, for example if you use sbt then the workspace directory should contain build.sbt. 
WARN  no build target: /home/lux/Documentos/Program paradigms/funtional/luna.scala
WARN  no build target: /home/lux/Documentos/Program paradigms/funtional/luna.scala
WARN  no build target: /home/lux/Documentos/Program paradigms/funtional/luna.scala
WARN  no build target: /home/lux/Documentos/Program paradigms/funtional/luna.scala
WARN  no build tool detected in workspace '/home/lux/Documentos/Program paradigms/funtional'. The most common cause for this problem is that the editor was opened in the wrong working directory, for example if you use sbt then the workspace directory should contain build.sbt. 
WARN  no build tool detected in workspace '/home/lux/Documentos/Program paradigms/funtional'. The most common cause for this problem is that the editor was opened in the wrong working directory, for example if you use sbt then the workspace directory should contain build.sbt. 
WARN  no build tool detected in workspace '/home/lux/Documentos/Program paradigms/funtional'. The most common cause for this problem is that the editor was opened in the wrong working directory, for example if you use sbt then the workspace directory should contain build.sbt. 
WARN  no build tool detected in workspace '/home/lux/Documentos/Program paradigms/funtional'. The most common cause for this problem is that the editor was opened in the wrong working directory, for example if you use sbt then the workspace directory should contain build.sbt. 
WARN  no build tool detected in workspace '/home/lux/Documentos/Program paradigms/funtional'. The most common cause for this problem is that the editor was opened in the wrong working directory, for example if you use sbt then the workspace directory should contain build.sbt. 
WARN  no build tool detected in workspace '/home/lux/Documentos/Program paradigms/funtional'. The most common cause for this problem is that the editor was opened in the wrong working directory, for example if you use sbt then the workspace directory should contain build.sbt. 
WARN  no build target: /home/lux/Documentos/Program paradigms/funtional/luna.scala
WARN  no build target: /home/lux/Documentos/Program paradigms/funtional/luna.scala
WARN  no build target: /home/lux/Documentos/Program paradigms/funtional/luna.scala
WARN  no build target: /home/lux/Documentos/Program paradigms/funtional/luna.scala
WARN  no build tool detected in workspace '/home/lux/Documentos/Program paradigms/funtional'. The most common cause for this problem is that the editor was opened in the wrong working directory, for example if you use sbt then the workspace directory should contain build.sbt. 
WARN  no build tool detected in workspace '/home/lux/Documentos/Program paradigms/funtional'. The most common cause for this problem is that the editor was opened in the wrong working directory, for example if you use sbt then the workspace directory should contain build.sbt. 
oct 30, 2019 11:28:22 AM scala.meta.internal.pc.Completions completionPosition
GRAVE: null
java.lang.NullPointerException
	at scala.meta.internal.pc.Completions$CompletionPosition$Override.<init>(Completions.scala:1034)
	at scala.meta.internal.pc.Completions.completionPositionUnsafe(Completions.scala:472)
	at scala.meta.internal.pc.Completions.completionPositionUnsafe$(Completions.scala:393)
	at scala.meta.internal.pc.MetalsGlobal.completionPositionUnsafe(MetalsGlobal.scala:23)
	at scala.meta.internal.pc.Completions.completionPosition(Completions.scala:385)
	at scala.meta.internal.pc.Completions.completionPosition$(Completions.scala:370)
	at scala.meta.internal.pc.MetalsGlobal.completionPosition(MetalsGlobal.scala:23)
	at scala.meta.internal.pc.CompletionProvider.safeCompletionsAt(CompletionProvider.scala:403)
	at scala.meta.internal.pc.CompletionProvider.completions(CompletionProvider.scala:47)
	at scala.meta.internal.pc.ScalaPresentationCompiler.$anonfun$complete$1(ScalaPresentationCompiler.scala:87)
	at scala.meta.internal.pc.CompilerAccess.withSharedCompiler(CompilerAccess.scala:120)
	at scala.meta.internal.pc.CompilerAccess.$anonfun$withInterruptableCompiler$1(CompilerAccess.scala:77)
	at scala.meta.internal.pc.CompilerAccess.$anonfun$onCompilerJobQueue$1(CompilerAccess.scala:198)
	at scala.meta.internal.pc.CompilerJobQueue$Job.run(CompilerJobQueue.scala:73)
	at java.util.concurrent.ThreadPoolExecutor.runWorker(ThreadPoolExecutor.java:1149)
	at java.util.concurrent.ThreadPoolExecutor$Worker.run(ThreadPoolExecutor.java:624)
	at java.lang.Thread.run(Thread.java:748)

oct 30, 2019 11:28:23 AM scala.meta.internal.pc.Completions completionPosition
GRAVE: null
java.lang.NullPointerException
	at scala.meta.internal.pc.Completions$CompletionPosition$Override.<init>(Completions.scala:1034)
	at scala.meta.internal.pc.Completions.completionPositionUnsafe(Completions.scala:472)
	at scala.meta.internal.pc.Completions.completionPositionUnsafe$(Completions.scala:393)
	at scala.meta.internal.pc.MetalsGlobal.completionPositionUnsafe(MetalsGlobal.scala:23)
	at scala.meta.internal.pc.Completions.completionPosition(Completions.scala:385)
	at scala.meta.internal.pc.Completions.completionPosition$(Completions.scala:370)
	at scala.meta.internal.pc.MetalsGlobal.completionPosition(MetalsGlobal.scala:23)
	at scala.meta.internal.pc.CompletionProvider.safeCompletionsAt(CompletionProvider.scala:403)
	at scala.meta.internal.pc.CompletionProvider.completions(CompletionProvider.scala:47)
	at scala.meta.internal.pc.ScalaPresentationCompiler.$anonfun$complete$1(ScalaPresentationCompiler.scala:87)
	at scala.meta.internal.pc.CompilerAccess.withSharedCompiler(CompilerAccess.scala:120)
	at scala.meta.internal.pc.CompilerAccess.$anonfun$withInterruptableCompiler$1(CompilerAccess.scala:77)
	at scala.meta.internal.pc.CompilerAccess.$anonfun$onCompilerJobQueue$1(CompilerAccess.scala:198)
	at scala.meta.internal.pc.CompilerJobQueue$Job.run(CompilerJobQueue.scala:73)
	at java.util.concurrent.ThreadPoolExecutor.runWorker(ThreadPoolExecutor.java:1149)
	at java.util.concurrent.ThreadPoolExecutor$Worker.run(ThreadPoolExecutor.java:624)
	at java.lang.Thread.run(Thread.java:748)

oct 30, 2019 11:28:23 AM scala.meta.internal.pc.Completions completionPosition
GRAVE: null
java.lang.NullPointerException
	at scala.meta.internal.pc.Completions$CompletionPosition$Override.<init>(Completions.scala:1034)
	at scala.meta.internal.pc.Completions.completionPositionUnsafe(Completions.scala:472)
	at scala.meta.internal.pc.Completions.completionPositionUnsafe$(Completions.scala:393)
	at scala.meta.internal.pc.MetalsGlobal.completionPositionUnsafe(MetalsGlobal.scala:23)
	at scala.meta.internal.pc.Completions.completionPosition(Completions.scala:385)
	at scala.meta.internal.pc.Completions.completionPosition$(Completions.scala:370)
	at scala.meta.internal.pc.MetalsGlobal.completionPosition(MetalsGlobal.scala:23)
	at scala.meta.internal.pc.CompletionProvider.safeCompletionsAt(CompletionProvider.scala:403)
	at scala.meta.internal.pc.CompletionProvider.completions(CompletionProvider.scala:47)
	at scala.meta.internal.pc.ScalaPresentationCompiler.$anonfun$complete$1(ScalaPresentationCompiler.scala:87)
	at scala.meta.internal.pc.CompilerAccess.withSharedCompiler(CompilerAccess.scala:120)
	at scala.meta.internal.pc.CompilerAccess.$anonfun$withInterruptableCompiler$1(CompilerAccess.scala:77)
	at scala.meta.internal.pc.CompilerAccess.$anonfun$onCompilerJobQueue$1(CompilerAccess.scala:198)
	at scala.meta.internal.pc.CompilerJobQueue$Job.run(CompilerJobQueue.scala:73)
	at java.util.concurrent.ThreadPoolExecutor.runWorker(ThreadPoolExecutor.java:1149)
	at java.util.concurrent.ThreadPoolExecutor$Worker.run(ThreadPoolExecutor.java:624)
	at java.lang.Thread.run(Thread.java:748)

oct 30, 2019 11:28:24 AM scala.meta.internal.pc.Completions completionPosition
GRAVE: null
java.lang.NullPointerException
	at scala.meta.internal.pc.Completions$CompletionPosition$Override.<init>(Completions.scala:1034)
	at scala.meta.internal.pc.Completions.completionPositionUnsafe(Completions.scala:472)
	at scala.meta.internal.pc.Completions.completionPositionUnsafe$(Completions.scala:393)
	at scala.meta.internal.pc.MetalsGlobal.completionPositionUnsafe(MetalsGlobal.scala:23)
	at scala.meta.internal.pc.Completions.completionPosition(Completions.scala:385)
	at scala.meta.internal.pc.Completions.completionPosition$(Completions.scala:370)
	at scala.meta.internal.pc.MetalsGlobal.completionPosition(MetalsGlobal.scala:23)
	at scala.meta.internal.pc.CompletionProvider.safeCompletionsAt(CompletionProvider.scala:403)
	at scala.meta.internal.pc.CompletionProvider.completions(CompletionProvider.scala:47)
	at scala.meta.internal.pc.ScalaPresentationCompiler.$anonfun$complete$1(ScalaPresentationCompiler.scala:87)
	at scala.meta.internal.pc.CompilerAccess.withSharedCompiler(CompilerAccess.scala:120)
	at scala.meta.internal.pc.CompilerAccess.$anonfun$withInterruptableCompiler$1(CompilerAccess.scala:77)
	at scala.meta.internal.pc.CompilerAccess.$anonfun$onCompilerJobQueue$1(CompilerAccess.scala:198)
	at scala.meta.internal.pc.CompilerJobQueue$Job.run(CompilerJobQueue.scala:73)
	at java.util.concurrent.ThreadPoolExecutor.runWorker(ThreadPoolExecutor.java:1149)
	at java.util.concurrent.ThreadPoolExecutor$Worker.run(ThreadPoolExecutor.java:624)
	at java.lang.Thread.run(Thread.java:748)

oct 30, 2019 11:28:24 AM scala.meta.internal.pc.Completions completionPosition
GRAVE: null
java.lang.NullPointerException
	at scala.meta.internal.pc.Completions$CompletionPosition$Override.<init>(Completions.scala:1034)
	at scala.meta.internal.pc.Completions.completionPositionUnsafe(Completions.scala:472)
	at scala.meta.internal.pc.Completions.completionPositionUnsafe$(Completions.scala:393)
	at scala.meta.internal.pc.MetalsGlobal.completionPositionUnsafe(MetalsGlobal.scala:23)
	at scala.meta.internal.pc.Completions.completionPosition(Completions.scala:385)
	at scala.meta.internal.pc.Completions.completionPosition$(Completions.scala:370)
	at scala.meta.internal.pc.MetalsGlobal.completionPosition(MetalsGlobal.scala:23)
	at scala.meta.internal.pc.CompletionProvider.safeCompletionsAt(CompletionProvider.scala:403)
	at scala.meta.internal.pc.CompletionProvider.completions(CompletionProvider.scala:47)
	at scala.meta.internal.pc.ScalaPresentationCompiler.$anonfun$complete$1(ScalaPresentationCompiler.scala:87)
	at scala.meta.internal.pc.CompilerAccess.withSharedCompiler(CompilerAccess.scala:120)
	at scala.meta.internal.pc.CompilerAccess.$anonfun$withInterruptableCompiler$1(CompilerAccess.scala:77)
	at scala.meta.internal.pc.CompilerAccess.$anonfun$onCompilerJobQueue$1(CompilerAccess.scala:198)
	at scala.meta.internal.pc.CompilerJobQueue$Job.run(CompilerJobQueue.scala:73)
	at java.util.concurrent.ThreadPoolExecutor.runWorker(ThreadPoolExecutor.java:1149)
	at java.util.concurrent.ThreadPoolExecutor$Worker.run(ThreadPoolExecutor.java:624)
	at java.lang.Thread.run(Thread.java:748)

oct 30, 2019 11:28:24 AM scala.meta.internal.pc.Completions completionPosition
GRAVE: null
java.lang.NullPointerException
	at scala.meta.internal.pc.Completions$CompletionPosition$Override.<init>(Completions.scala:1034)
	at scala.meta.internal.pc.Completions.completionPositionUnsafe(Completions.scala:472)
	at scala.meta.internal.pc.Completions.completionPositionUnsafe$(Completions.scala:393)
	at scala.meta.internal.pc.MetalsGlobal.completionPositionUnsafe(MetalsGlobal.scala:23)
	at scala.meta.internal.pc.Completions.completionPosition(Completions.scala:385)
	at scala.meta.internal.pc.Completions.completionPosition$(Completions.scala:370)
	at scala.meta.internal.pc.MetalsGlobal.completionPosition(MetalsGlobal.scala:23)
	at scala.meta.internal.pc.CompletionProvider.safeCompletionsAt(CompletionProvider.scala:403)
	at scala.meta.internal.pc.CompletionProvider.completions(CompletionProvider.scala:47)
	at scala.meta.internal.pc.ScalaPresentationCompiler.$anonfun$complete$1(ScalaPresentationCompiler.scala:87)
	at scala.meta.internal.pc.CompilerAccess.withSharedCompiler(CompilerAccess.scala:120)
	at scala.meta.internal.pc.CompilerAccess.$anonfun$withInterruptableCompiler$1(CompilerAccess.scala:77)
	at scala.meta.internal.pc.CompilerAccess.$anonfun$onCompilerJobQueue$1(CompilerAccess.scala:198)
	at scala.meta.internal.pc.CompilerJobQueue$Job.run(CompilerJobQueue.scala:73)
	at java.util.concurrent.ThreadPoolExecutor.runWorker(ThreadPoolExecutor.java:1149)
	at java.util.concurrent.ThreadPoolExecutor$Worker.run(ThreadPoolExecutor.java:624)
	at java.lang.Thread.run(Thread.java:748)

oct 30, 2019 11:28:24 AM scala.meta.internal.pc.Completions completionPosition
GRAVE: null
java.lang.NullPointerException
	at scala.meta.internal.pc.Completions$CompletionPosition$Override.<init>(Completions.scala:1034)
	at scala.meta.internal.pc.Completions.completionPositionUnsafe(Completions.scala:472)
	at scala.meta.internal.pc.Completions.completionPositionUnsafe$(Completions.scala:393)
	at scala.meta.internal.pc.MetalsGlobal.completionPositionUnsafe(MetalsGlobal.scala:23)
	at scala.meta.internal.pc.Completions.completionPosition(Completions.scala:385)
	at scala.meta.internal.pc.Completions.completionPosition$(Completions.scala:370)
	at scala.meta.internal.pc.MetalsGlobal.completionPosition(MetalsGlobal.scala:23)
	at scala.meta.internal.pc.CompletionProvider.safeCompletionsAt(CompletionProvider.scala:403)
	at scala.meta.internal.pc.CompletionProvider.completions(CompletionProvider.scala:47)
	at scala.meta.internal.pc.ScalaPresentationCompiler.$anonfun$complete$1(ScalaPresentationCompiler.scala:87)
	at scala.meta.internal.pc.CompilerAccess.withSharedCompiler(CompilerAccess.scala:120)
	at scala.meta.internal.pc.CompilerAccess.$anonfun$withInterruptableCompiler$1(CompilerAccess.scala:77)
	at scala.meta.internal.pc.CompilerAccess.$anonfun$onCompilerJobQueue$1(CompilerAccess.scala:198)
	at scala.meta.internal.pc.CompilerJobQueue$Job.run(CompilerJobQueue.scala:73)
	at java.util.concurrent.ThreadPoolExecutor.runWorker(ThreadPoolExecutor.java:1149)
	at java.util.concurrent.ThreadPoolExecutor$Worker.run(ThreadPoolExecutor.java:624)
	at java.lang.Thread.run(Thread.java:748)

oct 30, 2019 11:28:38 AM scala.meta.internal.pc.Completions completionPosition
GRAVE: null
java.lang.NullPointerException
	at scala.meta.internal.pc.Completions$CompletionPosition$Override.<init>(Completions.scala:1034)
	at scala.meta.internal.pc.Completions.completionPositionUnsafe(Completions.scala:472)
	at scala.meta.internal.pc.Completions.completionPositionUnsafe$(Completions.scala:393)
	at scala.meta.internal.pc.MetalsGlobal.completionPositionUnsafe(MetalsGlobal.scala:23)
	at scala.meta.internal.pc.Completions.completionPosition(Completions.scala:385)
	at scala.meta.internal.pc.Completions.completionPosition$(Completions.scala:370)
	at scala.meta.internal.pc.MetalsGlobal.completionPosition(MetalsGlobal.scala:23)
	at scala.meta.internal.pc.CompletionProvider.safeCompletionsAt(CompletionProvider.scala:403)
	at scala.meta.internal.pc.CompletionProvider.completions(CompletionProvider.scala:47)
	at scala.meta.internal.pc.ScalaPresentationCompiler.$anonfun$complete$1(ScalaPresentationCompiler.scala:87)
	at scala.meta.internal.pc.CompilerAccess.withSharedCompiler(CompilerAccess.scala:120)
	at scala.meta.internal.pc.CompilerAccess.$anonfun$withInterruptableCompiler$1(CompilerAccess.scala:77)
	at scala.meta.internal.pc.CompilerAccess.$anonfun$onCompilerJobQueue$1(CompilerAccess.scala:198)
	at scala.meta.internal.pc.CompilerJobQueue$Job.run(CompilerJobQueue.scala:73)
	at java.util.concurrent.ThreadPoolExecutor.runWorker(ThreadPoolExecutor.java:1149)
	at java.util.concurrent.ThreadPoolExecutor$Worker.run(ThreadPoolExecutor.java:624)
	at java.lang.Thread.run(Thread.java:748)

oct 30, 2019 11:28:39 AM scala.meta.internal.pc.Completions completionPosition
GRAVE: null
java.lang.NullPointerException
	at scala.meta.internal.pc.Completions$CompletionPosition$Override.<init>(Completions.scala:1034)
	at scala.meta.internal.pc.Completions.completionPositionUnsafe(Completions.scala:472)
	at scala.meta.internal.pc.Completions.completionPositionUnsafe$(Completions.scala:393)
	at scala.meta.internal.pc.MetalsGlobal.completionPositionUnsafe(MetalsGlobal.scala:23)
	at scala.meta.internal.pc.Completions.completionPosition(Completions.scala:385)
	at scala.meta.internal.pc.Completions.completionPosition$(Completions.scala:370)
	at scala.meta.internal.pc.MetalsGlobal.completionPosition(MetalsGlobal.scala:23)
	at scala.meta.internal.pc.CompletionProvider.safeCompletionsAt(CompletionProvider.scala:403)
	at scala.meta.internal.pc.CompletionProvider.completions(CompletionProvider.scala:47)
	at scala.meta.internal.pc.ScalaPresentationCompiler.$anonfun$complete$1(ScalaPresentationCompiler.scala:87)
	at scala.meta.internal.pc.CompilerAccess.withSharedCompiler(CompilerAccess.scala:120)
	at scala.meta.internal.pc.CompilerAccess.$anonfun$withInterruptableCompiler$1(CompilerAccess.scala:77)
	at scala.meta.internal.pc.CompilerAccess.$anonfun$onCompilerJobQueue$1(CompilerAccess.scala:198)
	at scala.meta.internal.pc.CompilerJobQueue$Job.run(CompilerJobQueue.scala:73)
	at java.util.concurrent.ThreadPoolExecutor.runWorker(ThreadPoolExecutor.java:1149)
	at java.util.concurrent.ThreadPoolExecutor$Worker.run(ThreadPoolExecutor.java:624)
	at java.lang.Thread.run(Thread.java:748)

oct 30, 2019 11:28:39 AM scala.meta.internal.pc.Completions completionPosition
GRAVE: null
java.lang.NullPointerException
	at scala.meta.internal.pc.Completions$CompletionPosition$Override.<init>(Completions.scala:1034)
	at scala.meta.internal.pc.Completions.completionPositionUnsafe(Completions.scala:472)
	at scala.meta.internal.pc.Completions.completionPositionUnsafe$(Completions.scala:393)
	at scala.meta.internal.pc.MetalsGlobal.completionPositionUnsafe(MetalsGlobal.scala:23)
	at scala.meta.internal.pc.Completions.completionPosition(Completions.scala:385)
	at scala.meta.internal.pc.Completions.completionPosition$(Completions.scala:370)
	at scala.meta.internal.pc.MetalsGlobal.completionPosition(MetalsGlobal.scala:23)
	at scala.meta.internal.pc.CompletionProvider.safeCompletionsAt(CompletionProvider.scala:403)
	at scala.meta.internal.pc.CompletionProvider.completions(CompletionProvider.scala:47)
	at scala.meta.internal.pc.ScalaPresentationCompiler.$anonfun$complete$1(ScalaPresentationCompiler.scala:87)
	at scala.meta.internal.pc.CompilerAccess.withSharedCompiler(CompilerAccess.scala:120)
	at scala.meta.internal.pc.CompilerAccess.$anonfun$withInterruptableCompiler$1(CompilerAccess.scala:77)
	at scala.meta.internal.pc.CompilerAccess.$anonfun$onCompilerJobQueue$1(CompilerAccess.scala:198)
	at scala.meta.internal.pc.CompilerJobQueue$Job.run(CompilerJobQueue.scala:73)
	at java.util.concurrent.ThreadPoolExecutor.runWorker(ThreadPoolExecutor.java:1149)
	at java.util.concurrent.ThreadPoolExecutor$Worker.run(ThreadPoolExecutor.java:624)
	at java.lang.Thread.run(Thread.java:748)

WARN  no build target: /home/lux/Documentos/Program paradigms/funtional/luna.scala
WARN  no build target: /home/lux/Documentos/Program paradigms/funtional/luna.scala
WARN  no build tool detected in workspace '/home/lux/Documentos/Program paradigms/funtional'. The most common cause for this problem is that the editor was opened in the wrong working directory, for example if you use sbt then the workspace directory should contain build.sbt. 
WARN  no build tool detected in workspace '/home/lux/Documentos/Program paradigms/funtional'. The most common cause for this problem is that the editor was opened in the wrong working directory, for example if you use sbt then the workspace directory should contain build.sbt. 
WARN  no build tool detected in workspace '/home/lux/Documentos/Program paradigms/funtional'. The most common cause for this problem is that the editor was opened in the wrong working directory, for example if you use sbt then the workspace directory should contain build.sbt. 
WARN  no build tool detected in workspace '/home/lux/Documentos/Program paradigms/funtional'. The most common cause for this problem is that the editor was opened in the wrong working directory, for example if you use sbt then the workspace directory should contain build.sbt. 
WARN  no build tool detected in workspace '/home/lux/Documentos/Program paradigms/funtional'. The most common cause for this problem is that the editor was opened in the wrong working directory, for example if you use sbt then the workspace directory should contain build.sbt. 
WARN  no build tool detected in workspace '/home/lux/Documentos/Program paradigms/funtional'. The most common cause for this problem is that the editor was opened in the wrong working directory, for example if you use sbt then the workspace directory should contain build.sbt. 
WARN  no build target: /home/lux/Documentos/Program paradigms/funtional/luna.scala
WARN  no build target: /home/lux/Documentos/Program paradigms/funtional/luna.scala
WARN  no build target: /home/lux/Documentos/Program paradigms/funtional/luna.scala
WARN  no build target: /home/lux/Documentos/Program paradigms/funtional/luna.scala
WARN  no build target: /home/lux/Documentos/Program paradigms/funtional/luna.scala
INFO  shutting down Metals
INFO  time: initialize in 1.07s
WARN  no build tool detected in workspace '/home/lux/Documentos/Program paradigms/funtional'. The most common cause for this problem is that the editor was opened in the wrong working directory, for example if you use sbt then the workspace directory should contain build.sbt. 
WARN  no build target: /home/lux/Documentos/Program paradigms/funtional/Scala/Spark/scrip.scala
INFO  no build target: using presentation compiler with only scala-library
WARN  no build target: /home/lux/Documentos/Program paradigms/funtional/Scala/Spark/dataset.scala
WARN  no build target: /home/lux/Documentos/Program paradigms/funtional/Scala/Spark/scrip.scala
WARN  no build tool detected in workspace '/home/lux/Documentos/Program paradigms/funtional'. The most common cause for this problem is that the editor was opened in the wrong working directory, for example if you use sbt then the workspace directory should contain build.sbt. 
WARN  no build tool detected in workspace '/home/lux/Documentos/Program paradigms/funtional'. The most common cause for this problem is that the editor was opened in the wrong working directory, for example if you use sbt then the workspace directory should contain build.sbt. 
WARN  no build tool detected in workspace '/home/lux/Documentos/Program paradigms/funtional'. The most common cause for this problem is that the editor was opened in the wrong working directory, for example if you use sbt then the workspace directory should contain build.sbt. 
WARN  no build tool detected in workspace '/home/lux/Documentos/Program paradigms/funtional'. The most common cause for this problem is that the editor was opened in the wrong working directory, for example if you use sbt then the workspace directory should contain build.sbt. 
WARN  no build target: /home/lux/Documentos/Program paradigms/funtional/Scala/OFScala.scala
WARN  no build target: /home/lux/Documentos/Program paradigms/funtional/Scala/Spark/dataset.scala
WARN  no build target: /home/lux/Documentos/Program paradigms/funtional/Scala/Spark/scrip.scala
INFO  shutting down Metals
